c:\Users\joncu\OneDrive\dev\golang-apps\octalspan\bin
[octalspan] syslog server starting...
[octalspan] Listening on 0.0.0.0:514
[octalspan] 0 bytes written to disk
Press [CTRL]+[X] to quit, [i] for info, [s] for stats, [d] dump last 10 log lines
[octalspan] 4754 bytes written to disk
[octalspan] 10567 bytes written to disk
[octalspan] 15012 bytes written to disk
[octalspan] 29793 bytes written to disk
[octalspan] 36771 bytes written to disk
[octalspan] 40822 bytes written to disk
[octalspan] 49323 bytes written to disk
[octalspan] 53358 bytes written to disk
[octalspan] 69345 bytes written to disk
[octalspan] 76490 bytes written to disk
[octalspan] 80729 bytes written to disk
[octalspan] 89251 bytes written to disk
[octalspan] 94681 bytes written to disk
[octalspan] 109426 bytes written to disk
[octalspan] 118579 bytes written to disk
